[debug] [2023-02-04T07:27:32.818Z] ----------------------------------------------------------------------
[debug] [2023-02-04T07:27:32.820Z] Command:       /usr/local/bin/node /usr/local/bin/firebase init
[debug] [2023-02-04T07:27:32.821Z] CLI Version:   11.3.0
[debug] [2023-02-04T07:27:32.821Z] Platform:      darwin
[debug] [2023-02-04T07:27:32.821Z] Node Version:  v16.16.0
[debug] [2023-02-04T07:27:32.827Z] Time:          Fri Feb 03 2023 23:27:32 GMT-0800 (Pacific Standard Time)
[debug] [2023-02-04T07:27:32.827Z] ----------------------------------------------------------------------
[debug] 
[debug] [2023-02-04T07:27:32.830Z] >>> [apiv2][query] GET https://firebase-public.firebaseio.com/cli.json [none]
[debug] [2023-02-04T07:27:32.863Z] > command requires scopes: ["email","openid","https://www.googleapis.com/auth/cloudplatformprojects.readonly","https://www.googleapis.com/auth/firebase","https://www.googleapis.com/auth/cloud-platform"]
[debug] [2023-02-04T07:27:32.864Z] > authorizing via signed-in user (maxmetrixinc@gmail.com)
[info] 
     ######## #### ########  ######## ########     ###     ######  ########
     ##        ##  ##     ## ##       ##     ##  ##   ##  ##       ##
     ######    ##  ########  ######   ########  #########  ######  ######
     ##        ##  ##    ##  ##       ##     ## ##     ##       ## ##
     ##       #### ##     ## ######## ########  ##     ##  ######  ########

You're about to initialize a Firebase project in this directory:

  /Users/ajhermosillo/Desktop/maxmetrix-client

[debug] [2023-02-04T07:27:33.248Z] <<< [apiv2][status] GET https://firebase-public.firebaseio.com/cli.json 200
[debug] [2023-02-04T07:27:33.248Z] <<< [apiv2][body] GET https://firebase-public.firebaseio.com/cli.json {"cloudBuildErrorAfter":1594252800000,"cloudBuildWarnAfter":1590019200000,"defaultNode10After":1594252800000,"minVersion":"3.0.5","node8DeploysDisabledAfter":1613390400000,"node8RuntimeDisabledAfter":1615809600000,"node8WarnAfter":1600128000000}
[debug] [2023-02-04T08:29:35.900Z] ----------------------------------------------------------------------
[debug] [2023-02-04T08:29:35.902Z] Command:       /usr/local/bin/node /usr/local/bin/firebase init
[debug] [2023-02-04T08:29:35.902Z] CLI Version:   11.3.0
[debug] [2023-02-04T08:29:35.902Z] Platform:      darwin
[debug] [2023-02-04T08:29:35.903Z] Node Version:  v16.16.0
[debug] [2023-02-04T08:29:35.904Z] Time:          Sat Feb 04 2023 00:29:35 GMT-0800 (Pacific Standard Time)
[debug] [2023-02-04T08:29:35.904Z] ----------------------------------------------------------------------
[debug] 
[debug] [2023-02-04T08:29:35.911Z] > command requires scopes: ["email","openid","https://www.googleapis.com/auth/cloudplatformprojects.readonly","https://www.googleapis.com/auth/firebase","https://www.googleapis.com/auth/cloud-platform"]
[debug] [2023-02-04T08:29:35.912Z] > authorizing via signed-in user (maxmetrixinc@gmail.com)
[info] 
     ######## #### ########  ######## ########     ###     ######  ########
     ##        ##  ##     ## ##       ##     ##  ##   ##  ##       ##
     ######    ##  ########  ######   ########  #########  ######  ######
     ##        ##  ##    ##  ##       ##     ## ##     ##       ## ##
     ##       #### ##     ## ######## ########  ##     ##  ######  ########

You're about to initialize a Firebase project in this directory:

  /Users/ajhermosillo/Desktop/maxmetrix-client

